-------------------------------------------------------------------------------
Test set: TestSuite
-------------------------------------------------------------------------------
Tests run: 4, Failures: 1, Errors: 0, Skipped: 0, Time elapsed: 57.667 s <<< FAILURE! - in TestSuite
Academy.ValidateTitle.basePageNavigation  Time elapsed: 1.489 s  <<< FAILURE!
java.lang.AssertionError: expected [false] but found [true]
	at Academy.ValidateTitle.basePageNavigation(ValidateTitle.java:47)

